<?xml version="1.0" encoding="UTF-8"?>
<!-- Generated by org.testng.reporters.JUnitReportReporter -->
<testsuite hostname="chikkk-lappy" failures="0" tests="1" name="com.kotresh.demo.sele_demo.mytests.VerifyGivenLinkIsBroken" time="0.906" errors="0" timestamp="18 Dec 2021 10:21:58 GMT" skipped="0">
  <testcase classname="com.kotresh.demo.sele_demo.mytests.VerifyGivenLinkIsBroken" name="VerifyLoginPage" time="0.906"/>
</testsuite> <!-- com.kotresh.demo.sele_demo.mytests.VerifyGivenLinkIsBroken -->
