<?xml version="1.0" encoding="UTF-8"?>
<!-- Generated by org.testng.reporters.JUnitReportReporter -->
<testsuite hostname="chikkk-lappy" failures="0" tests="6" name="com.kotresh.demo.sele_demo.mytests.LoginTest_TC1" time="89.865" errors="0" timestamp="19 Dec 2021 15:28:48 GMT" skipped="0">
  <testcase classname="com.kotresh.demo.sele_demo.mytests.LoginTest_TC1" name="VerifyLoginPage" time="22.223"/>
  <testcase classname="com.kotresh.demo.sele_demo.mytests.LoginTest_TC1" name="VerifyLoginPage" time="30.625"/>
  <testcase classname="com.kotresh.demo.sele_demo.mytests.LoginTest_TC1" name="VerifyLoginPage" time="29.783"/>
  <testcase classname="com.kotresh.demo.sele_demo.mytests.LoginTest_TC1" name="CheckHttpRequest" time="4.604"/>
  <testcase classname="com.kotresh.demo.sele_demo.mytests.LoginTest_TC1" name="CheckHttpRequest" time="2.094"/>
  <testcase classname="com.kotresh.demo.sele_demo.mytests.LoginTest_TC1" name="CheckHttpRequest" time="0.536"/>
</testsuite> <!-- com.kotresh.demo.sele_demo.mytests.LoginTest_TC1 -->
